Using pre-set license
Built from '2021.3/staging' branch; Version is '2021.3.4f1 (cb45f9cae8b7) revision 13321721'; Using compiler version '192829333'; Build Type 'Release'
OS: 'Windows 11  (10.0.22000) 64bit Professional' Language: 'es' Physical Memory: 16221 MB
BatchMode: 1, IsHumanControllingUs: 0, StartBugReporterOnCrash: 0, Is64bit: 1, IsPro: 1

COMMAND LINE ARGUMENTS:
C:\Program Files\Unity\Hub\Editor\2021.3.4f1\Editor\Unity.exe
-adb2
-batchMode
-noUpm
-name
AssetImportWorker0
-projectPath
C:/Users/sobre/Desktop/Copias Unity/JoJo's Outline
-logFile
Logs/AssetImportWorker0.log
-srvPort
52077
Successfully changed project path to: C:/Users/sobre/Desktop/Copias Unity/JoJo's Outline
C:/Users/sobre/Desktop/Copias Unity/JoJo's Outline
[UnityMemory] Configuration Parameters - Can be set up in boot.config
    "memorysetup-bucket-allocator-granularity=16"
    "memorysetup-bucket-allocator-bucket-count=8"
    "memorysetup-bucket-allocator-block-size=33554432"
    "memorysetup-bucket-allocator-block-count=8"
    "memorysetup-main-allocator-block-size=16777216"
    "memorysetup-thread-allocator-block-size=16777216"
    "memorysetup-gfx-main-allocator-block-size=16777216"
    "memorysetup-gfx-thread-allocator-block-size=16777216"
    "memorysetup-cache-allocator-block-size=4194304"
    "memorysetup-typetree-allocator-block-size=2097152"
    "memorysetup-profiler-bucket-allocator-granularity=16"
    "memorysetup-profiler-bucket-allocator-bucket-count=8"
    "memorysetup-profiler-bucket-allocator-block-size=33554432"
    "memorysetup-profiler-bucket-allocator-block-count=8"
    "memorysetup-profiler-allocator-block-size=16777216"
    "memorysetup-profiler-editor-allocator-block-size=1048576"
    "memorysetup-temp-allocator-size-main=16777216"
    "memorysetup-job-temp-allocator-block-size=2097152"
    "memorysetup-job-temp-allocator-block-size-background=1048576"
    "memorysetup-job-temp-allocator-reduction-small-platforms=262144"
    "memorysetup-temp-allocator-size-background-worker=32768"
    "memorysetup-temp-allocator-size-job-worker=262144"
    "memorysetup-temp-allocator-size-preload-manager=33554432"
    "memorysetup-temp-allocator-size-nav-mesh-worker=65536"
    "memorysetup-temp-allocator-size-audio-worker=65536"
    "memorysetup-temp-allocator-size-cloud-worker=32768"
    "memorysetup-temp-allocator-size-gi-baking-worker=262144"
    "memorysetup-temp-allocator-size-gfx=262144"
Refreshing native plugins compatible for Editor in 91.40 ms, found 3 plugins.
Preloading 0 native plugins for Editor in 0.00 ms.
Initialize engine version: 2021.3.4f1 (cb45f9cae8b7)
[Subsystems] Discovering subsystems at path C:/Program Files/Unity/Hub/Editor/2021.3.4f1/Editor/Data/Resources/UnitySubsystems
[Subsystems] Discovering subsystems at path C:/Users/sobre/Desktop/Copias Unity/JoJo's Outline/Assets
GfxDevice: creating device client; threaded=0; jobified=0
Direct3D:
    Version:  Direct3D 11.0 [level 11.1]
    Renderer: NVIDIA GeForce GTX 1650 (ID=0x1f99)
    Vendor:   NVIDIA
    VRAM:     3962 MB
    Driver:   31.0.15.1691
Initialize mono
Mono path[0] = 'C:/Program Files/Unity/Hub/Editor/2021.3.4f1/Editor/Data/Managed'
Mono path[1] = 'C:/Program Files/Unity/Hub/Editor/2021.3.4f1/Editor/Data/MonoBleedingEdge/lib/mono/unityjit-win32'
Mono config path = 'C:/Program Files/Unity/Hub/Editor/2021.3.4f1/Editor/Data/MonoBleedingEdge/etc'
Using monoOptions --debugger-agent=transport=dt_socket,embedding=1,server=y,suspend=n,address=127.0.0.1:56764
Begin MonoManager ReloadAssembly
Registering precompiled unity dll's ...
Register platform support module: C:/Program Files/Unity/Hub/Editor/2021.3.4f1/Editor/Data/PlaybackEngines/WindowsStandaloneSupport/UnityEditor.WindowsStandalone.Extensions.dll
Registered in 0.003533 seconds.
Native extension for WindowsStandalone target not found
Refreshing native plugins compatible for Editor in 93.01 ms, found 3 plugins.
Preloading 0 native plugins for Editor in 0.00 ms.
Mono: successfully reloaded assembly
- Completed reload, in  0.667 seconds
Domain Reload Profiling:
	ReloadAssembly (668ms)
		BeginReloadAssembly (73ms)
			ExecutionOrderSort (0ms)
			DisableScriptedObjects (0ms)
			BackupInstance (0ms)
			ReleaseScriptingObjects (0ms)
			CreateAndSetChildDomain (1ms)
		EndReloadAssembly (489ms)
			LoadAssemblies (71ms)
			RebuildTransferFunctionScriptingTraits (0ms)
			SetupTypeCache (97ms)
			ReleaseScriptCaches (0ms)
			RebuildScriptCaches (26ms)
			SetupLoadedEditorAssemblies (317ms)
				LogAssemblyErrors (0ms)
				InitializePlatformSupportModulesInManaged (6ms)
				SetLoadedEditorAssemblies (0ms)
				RefreshPlugins (93ms)
				BeforeProcessingInitializeOnLoad (2ms)
				ProcessInitializeOnLoadAttributes (152ms)
				ProcessInitializeOnLoadMethodAttributes (64ms)
				AfterProcessingInitializeOnLoad (0ms)
				EditorAssembliesLoaded (0ms)
			ExecutionOrderSort2 (0ms)
			AwakeInstancesAfterBackupRestoration (0ms)
Platform modules already initialized, skipping
Registering precompiled user dll's ...
Registered in 0.008263 seconds.
Begin MonoManager ReloadAssembly
Symbol file LoadedFromMemory doesn't match image C:\Users\sobre\Desktop\Copias Unity\JoJo's Outline\Library\PackageCache\com.unity.visualscripting@1.7.8\Editor\VisualScripting.Core\Dependencies\YamlDotNet\Unity.VisualScripting.YamlDotNet.dll
Symbol file LoadedFromMemory doesn't match image C:\Users\sobre\Desktop\Copias Unity\JoJo's Outline\Library\PackageCache\com.unity.visualscripting@1.7.8\Editor\VisualScripting.Core\Dependencies\DotNetZip\Unity.VisualScripting.IonicZip.dll
Native extension for WindowsStandalone target not found
Refreshing native plugins compatible for Editor in 0.50 ms, found 3 plugins.
Preloading 0 native plugins for Editor in 0.00 ms.
Mono: successfully reloaded assembly
- Completed reload, in  0.966 seconds
Domain Reload Profiling:
	ReloadAssembly (967ms)
		BeginReloadAssembly (95ms)
			ExecutionOrderSort (0ms)
			DisableScriptedObjects (6ms)
			BackupInstance (0ms)
			ReleaseScriptingObjects (0ms)
			CreateAndSetChildDomain (17ms)
		EndReloadAssembly (767ms)
			LoadAssemblies (73ms)
			RebuildTransferFunctionScriptingTraits (0ms)
			SetupTypeCache (254ms)
			ReleaseScriptCaches (1ms)
			RebuildScriptCaches (47ms)
			SetupLoadedEditorAssemblies (347ms)
				LogAssemblyErrors (0ms)
				InitializePlatformSupportModulesInManaged (5ms)
				SetLoadedEditorAssemblies (0ms)
				RefreshPlugins (1ms)
				BeforeProcessingInitializeOnLoad (91ms)
				ProcessInitializeOnLoadAttributes (220ms)
				ProcessInitializeOnLoadMethodAttributes (26ms)
				AfterProcessingInitializeOnLoad (5ms)
				EditorAssembliesLoaded (0ms)
			ExecutionOrderSort2 (0ms)
			AwakeInstancesAfterBackupRestoration (5ms)
Platform modules already initialized, skipping
========================================================================
Worker process is ready to serve import requests
Launched and connected shader compiler UnityShaderCompiler.exe after 0.03 seconds
Refreshing native plugins compatible for Editor in 0.85 ms, found 3 plugins.
Preloading 0 native plugins for Editor in 0.00 ms.
Unloading 3368 Unused Serialized files (Serialized files now loaded: 0)
Unloading 27 unused Assets / (110.9 KB). Loaded Objects now: 3824.
Memory consumption went from 115.8 MB to 115.7 MB.
Total: 2.851100 ms (FindLiveObjects: 0.286000 ms CreateObjectMapping: 0.276500 ms MarkObjects: 2.159800 ms  DeleteObjects: 0.127200 ms)

AssetImportParameters requested are different than current active one (requested -> active):
  custom:video-decoder-ogg-theora: a1e56fd34408186e4bbccfd4996cb3dc -> 
  custom:container-muxer-webm: aa71ff27fc2769a1b78a27578f13a17b -> 
  custom:container-demuxer-webm: 4f35f7cbe854078d1ac9338744f61a02 -> 
  custom:video-encoder-webm-vp8: eb34c28f22e8b96e1ab97ce403110664 -> 
  custom:audio-encoder-webm-vorbis: bf7c407c2cedff20999df2af8eb42d56 -> 
  custom:framework-win-MediaFoundation: 216162199b28c13a410421893ffa2e32 -> 
  custom:container-demuxer-ogg: 62fdf1f143b41e24485cea50d1cbac27 -> 
  custom:video-decoder-webm-vp8: 9c59270c3fd7afecdb556c50c9e8de78 -> 
  custom:audio-decoder-ogg-vorbis: bf7c407c2cedff20999df2af8eb42d56 -> 
========================================================================
Received Import Request.
  Time since last request: 1328808.266010 seconds.
  path: Assets/Materials
  artifactKey: Guid(3cdc290a2cc5eb14c89cc3b05b5c2f0b) Importer(815301076,1909f56bfc062723c751e8b465ee728b)
Start importing Assets/Materials using Guid(3cdc290a2cc5eb14c89cc3b05b5c2f0b) Importer(815301076,1909f56bfc062723c751e8b465ee728b)  -> (artifact id: '57dd08532c265ad645b16c0e818057d8') in 0.018517 seconds 
========================================================================
Received Import Request.
  Time since last request: 4.586723 seconds.
  path: Assets/Shaders
  artifactKey: Guid(635a8a29e0802ad43928cfe605279717) Importer(815301076,1909f56bfc062723c751e8b465ee728b)
Start importing Assets/Shaders using Guid(635a8a29e0802ad43928cfe605279717) Importer(815301076,1909f56bfc062723c751e8b465ee728b)  -> (artifact id: '30fbf37cb20833e7b19e7f6ccfaab8c6') in 0.005588 seconds 
========================================================================
Received Import Request.
  Time since last request: 7.424698 seconds.
  path: Assets/Models
  artifactKey: Guid(4f39071f9862caa4e82d0cdbe36eda68) Importer(815301076,1909f56bfc062723c751e8b465ee728b)
Start importing Assets/Models using Guid(4f39071f9862caa4e82d0cdbe36eda68) Importer(815301076,1909f56bfc062723c751e8b465ee728b)  -> (artifact id: 'cba08c66dc97fae05ca2b6259c2f6377') in 0.005885 seconds 
========================================================================
Received Import Request.
  Time since last request: 22.729256 seconds.
  path: Assets/Models/Hand.fbx
  artifactKey: Guid(47601b9443ba2a84cb90bec3f4b33aae) Importer(815301076,1909f56bfc062723c751e8b465ee728b)
Start importing Assets/Models/Hand.fbx using Guid(47601b9443ba2a84cb90bec3f4b33aae) Importer(815301076,1909f56bfc062723c751e8b465ee728b)  -> (artifact id: '6bd51f35a455de4c605f05fee6ec2c01') in 0.374348 seconds 
========================================================================
Received Import Request.
  Time since last request: 66.737561 seconds.
  path: Assets/Shaders/OutlineJoJo.shader
  artifactKey: Guid(a97f94a70934c3f42b57fa4e1bb43785) Importer(815301076,1909f56bfc062723c751e8b465ee728b)
Start importing Assets/Shaders/OutlineJoJo.shader using Guid(a97f94a70934c3f42b57fa4e1bb43785) Importer(815301076,1909f56bfc062723c751e8b465ee728b)  -> (artifact id: 'b9fad744d3a8c5fb82af2ce9fbd5fe94') in 0.010544 seconds 
========================================================================
Received Import Request.
  Time since last request: 33.057586 seconds.
  path: Assets/Shaders/OutlineJoJo.shader
  artifactKey: Guid(a97f94a70934c3f42b57fa4e1bb43785) Importer(815301076,1909f56bfc062723c751e8b465ee728b)
Start importing Assets/Shaders/OutlineJoJo.shader using Guid(a97f94a70934c3f42b57fa4e1bb43785) Importer(815301076,1909f56bfc062723c751e8b465ee728b)  -> (artifact id: '773926412ea7bd43c053a592f95c6fa9') in 0.003651 seconds 
========================================================================
Received Import Request.
  Time since last request: 18.391403 seconds.
  path: Assets/Shaders/OutlineJoJo.shader
  artifactKey: Guid(a97f94a70934c3f42b57fa4e1bb43785) Importer(815301076,1909f56bfc062723c751e8b465ee728b)
Start importing Assets/Shaders/OutlineJoJo.shader using Guid(a97f94a70934c3f42b57fa4e1bb43785) Importer(815301076,1909f56bfc062723c751e8b465ee728b)  -> (artifact id: 'd76932c95b9d63fdef6445142619e29d') in 0.003153 seconds 
========================================================================
Received Import Request.
  Time since last request: 5.409935 seconds.
  path: Assets/Shaders/OutlineJoJo.shader
  artifactKey: Guid(a97f94a70934c3f42b57fa4e1bb43785) Importer(815301076,1909f56bfc062723c751e8b465ee728b)
Start importing Assets/Shaders/OutlineJoJo.shader using Guid(a97f94a70934c3f42b57fa4e1bb43785) Importer(815301076,1909f56bfc062723c751e8b465ee728b)  -> (artifact id: 'fca3281c65616d4861dca20ce88c2b4e') in 0.002931 seconds 
========================================================================
Received Import Request.
  Time since last request: 111.613335 seconds.
  path: Assets/Shaders/OutlineJoJo.shader
  artifactKey: Guid(a97f94a70934c3f42b57fa4e1bb43785) Importer(815301076,1909f56bfc062723c751e8b465ee728b)
Start importing Assets/Shaders/OutlineJoJo.shader using Guid(a97f94a70934c3f42b57fa4e1bb43785) Importer(815301076,1909f56bfc062723c751e8b465ee728b)  -> (artifact id: 'ad0af870d93609dff05a30f3e418c336') in 0.002393 seconds 
========================================================================
Received Import Request.
  Time since last request: 13.062584 seconds.
  path: Assets/Materials/OutlineMat.mat
  artifactKey: Guid(2a501c001df71d74c80ed7c65ce99654) Importer(815301076,1909f56bfc062723c751e8b465ee728b)
Start importing Assets/Materials/OutlineMat.mat using Guid(2a501c001df71d74c80ed7c65ce99654) Importer(815301076,1909f56bfc062723c751e8b465ee728b)  -> (artifact id: 'f25c1ab385e2334be4cf63938fd32b3c') in 0.025138 seconds 
========================================================================
Received Import Request.
  Time since last request: 25.189867 seconds.
  path: Assets/Materials/OutlineMat.mat
  artifactKey: Guid(2a501c001df71d74c80ed7c65ce99654) Importer(815301076,1909f56bfc062723c751e8b465ee728b)
Start importing Assets/Materials/OutlineMat.mat using Guid(2a501c001df71d74c80ed7c65ce99654) Importer(815301076,1909f56bfc062723c751e8b465ee728b)  -> (artifact id: '0cafdbd2ccb4515bc3dfd840f8f055ce') in 0.045080 seconds 
========================================================================
Received Import Request.
  Time since last request: 10.485344 seconds.
  path: Packages/com.unity.collab-proxy/Editor/Collaborate/Assets/Icons/added-file-dark.png
  artifactKey: Guid(1a4f52b613391cd449af3ad2e44affeb) Importer(815301076,1909f56bfc062723c751e8b465ee728b)
Start importing Packages/com.unity.collab-proxy/Editor/Collaborate/Assets/Icons/added-file-dark.png using Guid(1a4f52b613391cd449af3ad2e44affeb) Importer(815301076,1909f56bfc062723c751e8b465ee728b)  -> (artifact id: '0fa69aaa28f624d131403c0573ee223e') in 0.034332 seconds 
========================================================================
Received Import Request.
  Time since last request: 0.000019 seconds.
  path: Packages/com.unity.collab-proxy/Editor/Collaborate/Assets/Icons/back-light@2x.png
  artifactKey: Guid(f5c57327df0fa294c8209aa216435167) Importer(815301076,1909f56bfc062723c751e8b465ee728b)
Start importing Packages/com.unity.collab-proxy/Editor/Collaborate/Assets/Icons/back-light@2x.png using Guid(f5c57327df0fa294c8209aa216435167) Importer(815301076,1909f56bfc062723c751e8b465ee728b)  -> (artifact id: '4f222e1095d86867a3112628ccec5dcc') in 0.021898 seconds 
========================================================================
Received Import Request.
  Time since last request: 0.000028 seconds.
  path: Packages/com.unity.collab-proxy/Editor/Collaborate/Assets/Icons/back-dark.png
  artifactKey: Guid(8e3ec2dfd58b79842aa78376678a9a05) Importer(815301076,1909f56bfc062723c751e8b465ee728b)
Start importing Packages/com.unity.collab-proxy/Editor/Collaborate/Assets/Icons/back-dark.png using Guid(8e3ec2dfd58b79842aa78376678a9a05) Importer(815301076,1909f56bfc062723c751e8b465ee728b)  -> (artifact id: 'a6756c391f9d60b77864ef873c5b4f9f') in 0.020278 seconds 
========================================================================
Received Import Request.
  Time since last request: 0.000023 seconds.
  path: Packages/com.unity.collab-proxy/Editor/Collaborate/Assets/Icons/added-file-light@2x.png
  artifactKey: Guid(ec2e3aa6d0ab8ce4eac29b56d65d61d5) Importer(815301076,1909f56bfc062723c751e8b465ee728b)
Start importing Packages/com.unity.collab-proxy/Editor/Collaborate/Assets/Icons/added-file-light@2x.png using Guid(ec2e3aa6d0ab8ce4eac29b56d65d61d5) Importer(815301076,1909f56bfc062723c751e8b465ee728b)  -> (artifact id: 'ecef179c2814b82152723db2c53a44d1') in 0.020596 seconds 
========================================================================
Received Import Request.
  Time since last request: 0.000029 seconds.
  path: Packages/com.unity.collab-proxy/Editor/Collaborate/Assets/Icons/back-light.png
  artifactKey: Guid(e676ab7aa99535447a763c9f88bf9260) Importer(815301076,1909f56bfc062723c751e8b465ee728b)
Start importing Packages/com.unity.collab-proxy/Editor/Collaborate/Assets/Icons/back-light.png using Guid(e676ab7aa99535447a763c9f88bf9260) Importer(815301076,1909f56bfc062723c751e8b465ee728b)  -> (artifact id: '4010871635c6b8ec813cb209bb295431') in 0.024799 seconds 
========================================================================
Received Import Request.
  Time since last request: 1.428821 seconds.
  path: Packages/com.unity.textmeshpro/Editor Resources/Textures/btn_AlignBaseLine.psd
  artifactKey: Guid(8bc445bb79654bf496c92d0407840a92) Importer(815301076,1909f56bfc062723c751e8b465ee728b)
Start importing Packages/com.unity.textmeshpro/Editor Resources/Textures/btn_AlignBaseLine.psd using Guid(8bc445bb79654bf496c92d0407840a92) Importer(815301076,1909f56bfc062723c751e8b465ee728b)  -> (artifact id: 'be792b0f1588c9135f0486c11adf5ae8') in 0.035030 seconds 
========================================================================
Received Import Request.
  Time since last request: 0.016401 seconds.
  path: Packages/com.unity.textmeshpro/Editor Resources/Textures/btn_AlignBottom.psd
  artifactKey: Guid(ca51b19024094d1b87f3e07edb0a75fb) Importer(815301076,1909f56bfc062723c751e8b465ee728b)
Start importing Packages/com.unity.textmeshpro/Editor Resources/Textures/btn_AlignBottom.psd using Guid(ca51b19024094d1b87f3e07edb0a75fb) Importer(815301076,1909f56bfc062723c751e8b465ee728b)  -> (artifact id: '07381ec64295516fd0e955a058ca535e') in 0.018999 seconds 
========================================================================
Received Import Request.
  Time since last request: 0.348666 seconds.
  path: Packages/com.unity.textmeshpro/Editor Resources/Textures/btn_AlignCapLine.psd
  artifactKey: Guid(0d9a36012a224080966c7b55896aa0f9) Importer(815301076,1909f56bfc062723c751e8b465ee728b)
Start importing Packages/com.unity.textmeshpro/Editor Resources/Textures/btn_AlignCapLine.psd using Guid(0d9a36012a224080966c7b55896aa0f9) Importer(815301076,1909f56bfc062723c751e8b465ee728b)  -> (artifact id: '7f9e4c27099e21c8914ae446cdfb5b2c') in 0.023383 seconds 
========================================================================
Received Import Request.
  Time since last request: 0.011774 seconds.
  path: Packages/com.unity.textmeshpro/Editor Resources/Textures/btn_AlignCenter.psd
  artifactKey: Guid(81ed8c76d2bc4a4c95d092c98af4e58f) Importer(815301076,1909f56bfc062723c751e8b465ee728b)
Start importing Packages/com.unity.textmeshpro/Editor Resources/Textures/btn_AlignCenter.psd using Guid(81ed8c76d2bc4a4c95d092c98af4e58f) Importer(815301076,1909f56bfc062723c751e8b465ee728b)  -> (artifact id: '8805e2b3b12642822368091ee215a9f8') in 0.021853 seconds 
========================================================================
Received Import Request.
  Time since last request: 0.000026 seconds.
  path: Packages/com.unity.textmeshpro/Editor Resources/Textures/btn_AlignCenterGeo.psd
  artifactKey: Guid(c76700ea0062413d9f69409b4e9e151b) Importer(815301076,1909f56bfc062723c751e8b465ee728b)
Start importing Packages/com.unity.textmeshpro/Editor Resources/Textures/btn_AlignCenterGeo.psd using Guid(c76700ea0062413d9f69409b4e9e151b) Importer(815301076,1909f56bfc062723c751e8b465ee728b)  -> (artifact id: 'e629b4ef8ce72ed7e39f6b50235f6d6c') in 0.026400 seconds 
========================================================================
Received Import Request.
  Time since last request: 20.067144 seconds.
  path: Assets/Materials/OutlineMat.mat
  artifactKey: Guid(2a501c001df71d74c80ed7c65ce99654) Importer(815301076,1909f56bfc062723c751e8b465ee728b)
Start importing Assets/Materials/OutlineMat.mat using Guid(2a501c001df71d74c80ed7c65ce99654) Importer(815301076,1909f56bfc062723c751e8b465ee728b)  -> (artifact id: 'fdbbbd2057a31090f5287c5d82d4f883') in 0.018491 seconds 
========================================================================
Received Import Request.
  Time since last request: 10.229150 seconds.
  path: Assets/Materials/OutlineMat.mat
  artifactKey: Guid(2a501c001df71d74c80ed7c65ce99654) Importer(815301076,1909f56bfc062723c751e8b465ee728b)
Start importing Assets/Materials/OutlineMat.mat using Guid(2a501c001df71d74c80ed7c65ce99654) Importer(815301076,1909f56bfc062723c751e8b465ee728b)  -> (artifact id: 'e905e6bc92fb06ef61c01a2e95ad11da') in 0.012276 seconds 
========================================================================
Received Import Request.
  Time since last request: 115.566220 seconds.
  path: Packages/com.unity.textmeshpro/Editor Resources/Textures/btn_AlignFlush.psd
  artifactKey: Guid(691475c57a824010be0c6f474caeb7e1) Importer(815301076,1909f56bfc062723c751e8b465ee728b)
Start importing Packages/com.unity.textmeshpro/Editor Resources/Textures/btn_AlignFlush.psd using Guid(691475c57a824010be0c6f474caeb7e1) Importer(815301076,1909f56bfc062723c751e8b465ee728b)  -> (artifact id: '0399185ddf3eccc5fd013e922a802f60') in 0.025961 seconds 
========================================================================
Received Import Request.
  Time since last request: 0.260898 seconds.
  path: Packages/com.unity.textmeshpro/Editor Resources/Textures/btn_AlignJustified.psd
  artifactKey: Guid(92027f7f8cfc4feaa477da0dc38d3d46) Importer(815301076,1909f56bfc062723c751e8b465ee728b)
Start importing Packages/com.unity.textmeshpro/Editor Resources/Textures/btn_AlignJustified.psd using Guid(92027f7f8cfc4feaa477da0dc38d3d46) Importer(815301076,1909f56bfc062723c751e8b465ee728b)  -> (artifact id: '16e72f11936060ee459985580acd642f') in 0.045678 seconds 
========================================================================
Received Import Request.
  Time since last request: 0.000047 seconds.
  path: Packages/com.unity.textmeshpro/Editor Resources/Textures/btn_AlignLeft_Light.psd
  artifactKey: Guid(12736c98af174f91827a26b66d2b01b9) Importer(815301076,1909f56bfc062723c751e8b465ee728b)
Start importing Packages/com.unity.textmeshpro/Editor Resources/Textures/btn_AlignLeft_Light.psd using Guid(12736c98af174f91827a26b66d2b01b9) Importer(815301076,1909f56bfc062723c751e8b465ee728b)  -> (artifact id: '8799627c87618932d6c863280a948ada') in 0.025007 seconds 
========================================================================
Received Import Request.
  Time since last request: 0.000029 seconds.
  path: Packages/com.unity.textmeshpro/Editor Resources/Textures/btn_AlignMiddle.psd
  artifactKey: Guid(41b96614b2e6494ba995ddcd252d11ae) Importer(815301076,1909f56bfc062723c751e8b465ee728b)
Start importing Packages/com.unity.textmeshpro/Editor Resources/Textures/btn_AlignMiddle.psd using Guid(41b96614b2e6494ba995ddcd252d11ae) Importer(815301076,1909f56bfc062723c751e8b465ee728b)  -> (artifact id: '6614ba8b14c56e296940ebaccd1fcc9c') in 0.030381 seconds 
========================================================================
Received Import Request.
  Time since last request: 1.407388 seconds.
  path: Packages/com.unity.textmeshpro/Editor Resources/Textures/btn_AlignMidLine.psd
  artifactKey: Guid(c2f7f6a88b4c4f20a53deb72f3d9144c) Importer(815301076,1909f56bfc062723c751e8b465ee728b)
Start importing Packages/com.unity.textmeshpro/Editor Resources/Textures/btn_AlignMidLine.psd using Guid(c2f7f6a88b4c4f20a53deb72f3d9144c) Importer(815301076,1909f56bfc062723c751e8b465ee728b)  -> (artifact id: '81f32b49bc545d1d7812c694b7414ebf') in 0.023164 seconds 
========================================================================
Received Import Request.
  Time since last request: 0.000023 seconds.
  path: Packages/com.unity.textmeshpro/Editor Resources/Textures/btn_AlignRight_Light.psd
  artifactKey: Guid(e05ace3bd15740cda0bad60d89092a5b) Importer(815301076,1909f56bfc062723c751e8b465ee728b)
Start importing Packages/com.unity.textmeshpro/Editor Resources/Textures/btn_AlignRight_Light.psd using Guid(e05ace3bd15740cda0bad60d89092a5b) Importer(815301076,1909f56bfc062723c751e8b465ee728b)  -> (artifact id: 'ba3b15699a3194543d65853d6769f446') in 0.025549 seconds 
========================================================================
Received Import Request.
  Time since last request: 0.000052 seconds.
  path: Packages/com.unity.textmeshpro/Editor Resources/Textures/btn_AlignTop_Light.psd
  artifactKey: Guid(ed041e68439749a69d0efa0e3d896c2e) Importer(815301076,1909f56bfc062723c751e8b465ee728b)
Start importing Packages/com.unity.textmeshpro/Editor Resources/Textures/btn_AlignTop_Light.psd using Guid(ed041e68439749a69d0efa0e3d896c2e) Importer(815301076,1909f56bfc062723c751e8b465ee728b)  -> (artifact id: '85618f129ffc0a3e7dfd838ac8a6f7ed') in 0.027136 seconds 
========================================================================
Received Import Request.
  Time since last request: 0.229504 seconds.
  path: Packages/com.unity.collab-proxy/Editor/PlasticSCM/Assets/Images/buttonssosigninemail.png
  artifactKey: Guid(d24e7e0b75e1a244bb9687d6fd4315ef) Importer(815301076,1909f56bfc062723c751e8b465ee728b)
Start importing Packages/com.unity.collab-proxy/Editor/PlasticSCM/Assets/Images/buttonssosigninemail.png using Guid(d24e7e0b75e1a244bb9687d6fd4315ef) Importer(815301076,1909f56bfc062723c751e8b465ee728b)  -> (artifact id: '0a20e0f5683f5b5efc41865a8b9553c1') in 0.033617 seconds 
========================================================================
Received Import Request.
  Time since last request: 0.000036 seconds.
  path: Packages/com.unity.collab-proxy/Editor/Collaborate/Assets/Icons/choose-mine-dark@2x.png
  artifactKey: Guid(39c95c5cb14167543b9aa5908c94bb71) Importer(815301076,1909f56bfc062723c751e8b465ee728b)
Start importing Packages/com.unity.collab-proxy/Editor/Collaborate/Assets/Icons/choose-mine-dark@2x.png using Guid(39c95c5cb14167543b9aa5908c94bb71) Importer(815301076,1909f56bfc062723c751e8b465ee728b)  -> (artifact id: '575c324e24ad22fe83e03dd5dd36e455') in 0.027672 seconds 
========================================================================
Received Import Request.
  Time since last request: 0.000027 seconds.
  path: Packages/com.unity.collab-proxy/Editor/PlasticSCM/Assets/Images/buttonssosigninunity.png
  artifactKey: Guid(f9161c6c9e06dc445ada3ee16d991f90) Importer(815301076,1909f56bfc062723c751e8b465ee728b)
Start importing Packages/com.unity.collab-proxy/Editor/PlasticSCM/Assets/Images/buttonssosigninunity.png using Guid(f9161c6c9e06dc445ada3ee16d991f90) Importer(815301076,1909f56bfc062723c751e8b465ee728b)  -> (artifact id: 'fd37ff5c0be1f1197a636d45d8b78463') in 0.059211 seconds 
========================================================================
Received Import Request.
  Time since last request: 0.000053 seconds.
  path: Packages/com.unity.collab-proxy/Editor/Collaborate/Assets/Icons/choose-mine-light.png
  artifactKey: Guid(2c0bdcbf152ceb64ba9b01cc370a9092) Importer(815301076,1909f56bfc062723c751e8b465ee728b)
Start importing Packages/com.unity.collab-proxy/Editor/Collaborate/Assets/Icons/choose-mine-light.png using Guid(2c0bdcbf152ceb64ba9b01cc370a9092) Importer(815301076,1909f56bfc062723c751e8b465ee728b)  -> (artifact id: 'e218a0a451ee55d6c6850fdfc70193f1') in 0.033647 seconds 
========================================================================
Received Import Request.
  Time since last request: 0.000030 seconds.
  path: Packages/com.unity.collab-proxy/Editor/Collaborate/Assets/Icons/choose-mine-dark.png
  artifactKey: Guid(a972d8b163b45d54b89085acf50327e8) Importer(815301076,1909f56bfc062723c751e8b465ee728b)
Start importing Packages/com.unity.collab-proxy/Editor/Collaborate/Assets/Icons/choose-mine-dark.png using Guid(a972d8b163b45d54b89085acf50327e8) Importer(815301076,1909f56bfc062723c751e8b465ee728b)  -> (artifact id: 'fada609beaba44456fc0b8522945d728') in 0.023760 seconds 
========================================================================
Received Import Request.
  Time since last request: 4.287742 seconds.
  path: Assets/Materials/OutlineMat.mat
  artifactKey: Guid(2a501c001df71d74c80ed7c65ce99654) Importer(815301076,1909f56bfc062723c751e8b465ee728b)
Start importing Assets/Materials/OutlineMat.mat using Guid(2a501c001df71d74c80ed7c65ce99654) Importer(815301076,1909f56bfc062723c751e8b465ee728b)  -> (artifact id: '371a6b68993b3f6c7e93526235f476e0') in 0.024324 seconds 
========================================================================
Received Import Request.
  Time since last request: 15.514339 seconds.
  path: Assets/Materials/OutlineMat.mat
  artifactKey: Guid(2a501c001df71d74c80ed7c65ce99654) Importer(815301076,1909f56bfc062723c751e8b465ee728b)
Start importing Assets/Materials/OutlineMat.mat using Guid(2a501c001df71d74c80ed7c65ce99654) Importer(815301076,1909f56bfc062723c751e8b465ee728b)  -> (artifact id: 'e5029c1a24beb61e939d60a0d6290cb2') in 0.014417 seconds 
========================================================================
Received Import Request.
  Time since last request: 12.665227 seconds.
  path: Assets/Materials/OutlineMat.mat
  artifactKey: Guid(2a501c001df71d74c80ed7c65ce99654) Importer(815301076,1909f56bfc062723c751e8b465ee728b)
Start importing Assets/Materials/OutlineMat.mat using Guid(2a501c001df71d74c80ed7c65ce99654) Importer(815301076,1909f56bfc062723c751e8b465ee728b)  -> (artifact id: '50e50669cbfadac259f172135f1c7fce') in 0.016051 seconds 
========================================================================
Received Import Request.
  Time since last request: 5.296560 seconds.
  path: Assets/Materials/OutlineMat.mat
  artifactKey: Guid(2a501c001df71d74c80ed7c65ce99654) Importer(815301076,1909f56bfc062723c751e8b465ee728b)
Start importing Assets/Materials/OutlineMat.mat using Guid(2a501c001df71d74c80ed7c65ce99654) Importer(815301076,1909f56bfc062723c751e8b465ee728b)  -> (artifact id: 'e056002cbeb33d6ebcce79beb8cc41c5') in 0.016701 seconds 
========================================================================
Received Import Request.
  Time since last request: 5.831268 seconds.
  path: Assets/Materials/OutlineMat.mat
  artifactKey: Guid(2a501c001df71d74c80ed7c65ce99654) Importer(815301076,1909f56bfc062723c751e8b465ee728b)
Start importing Assets/Materials/OutlineMat.mat using Guid(2a501c001df71d74c80ed7c65ce99654) Importer(815301076,1909f56bfc062723c751e8b465ee728b)  -> (artifact id: '59e5fab36a73e6412a42f5c0c9def0a6') in 0.019058 seconds 
========================================================================
Received Import Request.
  Time since last request: 2.473531 seconds.
  path: Assets/Materials/OutlineMat.mat
  artifactKey: Guid(2a501c001df71d74c80ed7c65ce99654) Importer(815301076,1909f56bfc062723c751e8b465ee728b)
Start importing Assets/Materials/OutlineMat.mat using Guid(2a501c001df71d74c80ed7c65ce99654) Importer(815301076,1909f56bfc062723c751e8b465ee728b)  -> (artifact id: '2f1c6d3eebd3f2f3b748682c0e8dd00e') in 0.013238 seconds 
========================================================================
Received Import Request.
  Time since last request: 161.633563 seconds.
  path: Assets/Materials/OutlineJoJo.shader
  artifactKey: Guid(a97f94a70934c3f42b57fa4e1bb43785) Importer(815301076,1909f56bfc062723c751e8b465ee728b)
Start importing Assets/Materials/OutlineJoJo.shader using Guid(a97f94a70934c3f42b57fa4e1bb43785) Importer(815301076,1909f56bfc062723c751e8b465ee728b)  -> (artifact id: 'df68f9e6eb9128cc12a1b884b9ae66ec') in 0.002801 seconds 
========================================================================
Received Import Request.
  Time since last request: 21.032885 seconds.
  path: Assets/Materials/OutlineMat.mat
  artifactKey: Guid(2a501c001df71d74c80ed7c65ce99654) Importer(815301076,1909f56bfc062723c751e8b465ee728b)
Start importing Assets/Materials/OutlineMat.mat using Guid(2a501c001df71d74c80ed7c65ce99654) Importer(815301076,1909f56bfc062723c751e8b465ee728b)  -> (artifact id: '0abe3aee5560da41a0184e5809c7e3da') in 0.026927 seconds 
========================================================================
Received Import Request.
  Time since last request: 134.413955 seconds.
  path: Assets/Materials/OutlineMat.mat
  artifactKey: Guid(2a501c001df71d74c80ed7c65ce99654) Importer(815301076,1909f56bfc062723c751e8b465ee728b)
Start importing Assets/Materials/OutlineMat.mat using Guid(2a501c001df71d74c80ed7c65ce99654) Importer(815301076,1909f56bfc062723c751e8b465ee728b)  -> (artifact id: '937418e554b0b21672d13efc4bc0e07f') in 0.011349 seconds 
========================================================================
Received Import Request.
  Time since last request: 3.423655 seconds.
  path: Assets/Materials/OutlineMat.mat
  artifactKey: Guid(2a501c001df71d74c80ed7c65ce99654) Importer(815301076,1909f56bfc062723c751e8b465ee728b)
Start importing Assets/Materials/OutlineMat.mat using Guid(2a501c001df71d74c80ed7c65ce99654) Importer(815301076,1909f56bfc062723c751e8b465ee728b)  -> (artifact id: '70b319703779ada5c0f8348f13faac6e') in 0.013849 seconds 
========================================================================
Received Import Request.
  Time since last request: 6043.895972 seconds.
  path: Assets/Materials/JoJoS.png
  artifactKey: Guid(9de334eb79fddde4baa96da2f68710fc) Importer(815301076,1909f56bfc062723c751e8b465ee728b)
Start importing Assets/Materials/JoJoS.png using Guid(9de334eb79fddde4baa96da2f68710fc) Importer(815301076,1909f56bfc062723c751e8b465ee728b)  -> (artifact id: '25d153244f1d8f15ec7d04057058a314') in 0.045920 seconds 
========================================================================
Received Import Request.
  Time since last request: 22.840090 seconds.
  path: Assets/Materials/OutlineMat.mat
  artifactKey: Guid(2a501c001df71d74c80ed7c65ce99654) Importer(815301076,1909f56bfc062723c751e8b465ee728b)
Start importing Assets/Materials/OutlineMat.mat using Guid(2a501c001df71d74c80ed7c65ce99654) Importer(815301076,1909f56bfc062723c751e8b465ee728b)  -> (artifact id: 'a5c0dac052d0d7b53de6ff1ad9e33fa9') in 0.021785 seconds 
========================================================================
Received Import Request.
  Time since last request: 23.146817 seconds.
  path: Assets/Materials/OutlineMat.mat
  artifactKey: Guid(2a501c001df71d74c80ed7c65ce99654) Importer(815301076,1909f56bfc062723c751e8b465ee728b)
Start importing Assets/Materials/OutlineMat.mat using Guid(2a501c001df71d74c80ed7c65ce99654) Importer(815301076,1909f56bfc062723c751e8b465ee728b)  -> (artifact id: 'd75f620c07b0a2a0a7ead7993212ef26') in 0.017374 seconds 
========================================================================
Received Import Request.
  Time since last request: 18.995491 seconds.
  path: Assets/Materials/OutlineMat.mat
  artifactKey: Guid(2a501c001df71d74c80ed7c65ce99654) Importer(815301076,1909f56bfc062723c751e8b465ee728b)
Start importing Assets/Materials/OutlineMat.mat using Guid(2a501c001df71d74c80ed7c65ce99654) Importer(815301076,1909f56bfc062723c751e8b465ee728b)  -> (artifact id: 'd51fd4a01882e0b6040910ca1fe0593b') in 0.009117 seconds 
========================================================================
Received Import Request.
  Time since last request: 72.230208 seconds.
  path: Assets/Scenes
  artifactKey: Guid(6ea315d0fd7389c41b19996891e99ae3) Importer(815301076,1909f56bfc062723c751e8b465ee728b)
Start importing Assets/Scenes using Guid(6ea315d0fd7389c41b19996891e99ae3) Importer(815301076,1909f56bfc062723c751e8b465ee728b)  -> (artifact id: 'b8193726cff86800c54781cdc6d54904') in 0.006491 seconds 
========================================================================
Received Import Request.
  Time since last request: 260.996685 seconds.
  path: Assets/Scripts.cs
  artifactKey: Guid(3aaafd3b3d0bc8642976739df116a60a) Importer(815301076,1909f56bfc062723c751e8b465ee728b)
Start importing Assets/Scripts.cs using Guid(3aaafd3b3d0bc8642976739df116a60a) Importer(815301076,1909f56bfc062723c751e8b465ee728b)  -> (artifact id: '929fc36e30d05af94ab046f4c6bfef5d') in 0.012535 seconds 
========================================================================
Received Prepare
Registering precompiled user dll's ...
Registered in 0.004191 seconds.
Begin MonoManager ReloadAssembly
Symbol file LoadedFromMemory doesn't match image C:\Users\sobre\Desktop\Copias Unity\JoJo's Outline\Library\PackageCache\com.unity.visualscripting@1.7.8\Editor\VisualScripting.Core\Dependencies\YamlDotNet\Unity.VisualScripting.YamlDotNet.dll
Symbol file LoadedFromMemory doesn't match image C:\Users\sobre\Desktop\Copias Unity\JoJo's Outline\Library\PackageCache\com.unity.visualscripting@1.7.8\Editor\VisualScripting.Core\Dependencies\DotNetZip\Unity.VisualScripting.IonicZip.dll
Native extension for WindowsStandalone target not found
Refreshing native plugins compatible for Editor in 0.56 ms, found 3 plugins.
Preloading 0 native plugins for Editor in 0.00 ms.
Mono: successfully reloaded assembly
- Completed reload, in  1.243 seconds
Domain Reload Profiling:
	ReloadAssembly (1245ms)
		BeginReloadAssembly (359ms)
			ExecutionOrderSort (0ms)
			DisableScriptedObjects (13ms)
			BackupInstance (0ms)
			ReleaseScriptingObjects (0ms)
			CreateAndSetChildDomain (169ms)
		EndReloadAssembly (788ms)
			LoadAssemblies (118ms)
			RebuildTransferFunctionScriptingTraits (0ms)
			SetupTypeCache (291ms)
			ReleaseScriptCaches (1ms)
			RebuildScriptCaches (43ms)
			SetupLoadedEditorAssemblies (335ms)
				LogAssemblyErrors (0ms)
				InitializePlatformSupportModulesInManaged (13ms)
				SetLoadedEditorAssemblies (1ms)
				RefreshPlugins (1ms)
				BeforeProcessingInitializeOnLoad (65ms)
				ProcessInitializeOnLoadAttributes (223ms)
				ProcessInitializeOnLoadMethodAttributes (27ms)
				AfterProcessingInitializeOnLoad (5ms)
				EditorAssembliesLoaded (0ms)
			ExecutionOrderSort2 (0ms)
			AwakeInstancesAfterBackupRestoration (5ms)
Platform modules already initialized, skipping
Refreshing native plugins compatible for Editor in 1.52 ms, found 3 plugins.
Preloading 0 native plugins for Editor in 0.00 ms.
Unloading 3363 Unused Serialized files (Serialized files now loaded: 0)
Unloading 20 unused Assets / (78.1 KB). Loaded Objects now: 3876.
Memory consumption went from 120.8 MB to 120.7 MB.
Total: 3.539500 ms (FindLiveObjects: 0.239400 ms CreateObjectMapping: 0.163300 ms MarkObjects: 2.960000 ms  DeleteObjects: 0.175900 ms)

AssetImportParameters requested are different than current active one (requested -> active):
  custom:video-decoder-ogg-theora: a1e56fd34408186e4bbccfd4996cb3dc -> 
  custom:container-muxer-webm: aa71ff27fc2769a1b78a27578f13a17b -> 
  custom:container-demuxer-webm: 4f35f7cbe854078d1ac9338744f61a02 -> 
  custom:video-encoder-webm-vp8: eb34c28f22e8b96e1ab97ce403110664 -> 
  custom:audio-encoder-webm-vorbis: bf7c407c2cedff20999df2af8eb42d56 -> 
  custom:framework-win-MediaFoundation: 216162199b28c13a410421893ffa2e32 -> 
  custom:container-demuxer-ogg: 62fdf1f143b41e24485cea50d1cbac27 -> 
  custom:video-decoder-webm-vp8: 9c59270c3fd7afecdb556c50c9e8de78 -> 
  custom:audio-decoder-ogg-vorbis: bf7c407c2cedff20999df2af8eb42d56 -> 
========================================================================
Received Import Request.
  Time since last request: 12.927006 seconds.
  path: Assets/Scripts
  artifactKey: Guid(8564e8bfe11525749968c540ea0b559b) Importer(815301076,1909f56bfc062723c751e8b465ee728b)
Start importing Assets/Scripts using Guid(8564e8bfe11525749968c540ea0b559b) Importer(815301076,1909f56bfc062723c751e8b465ee728b)  -> (artifact id: '5386c1fde9712def879030fe0343e125') in 0.006228 seconds 
========================================================================
Received Import Request.
  Time since last request: 17.295563 seconds.
  path: Assets/Scripts/BlitMaterialFeature.cs
  artifactKey: Guid(d4edb45a9c3b915408d2db22c01d7bee) Importer(815301076,1909f56bfc062723c751e8b465ee728b)
Start importing Assets/Scripts/BlitMaterialFeature.cs using Guid(d4edb45a9c3b915408d2db22c01d7bee) Importer(815301076,1909f56bfc062723c751e8b465ee728b)  -> (artifact id: '293d016e0e88f0d13270f47288b0ee69') in 0.006358 seconds 
========================================================================
Received Prepare
Registering precompiled user dll's ...
Registered in 0.007796 seconds.
Begin MonoManager ReloadAssembly
Symbol file LoadedFromMemory doesn't match image C:\Users\sobre\Desktop\Copias Unity\JoJo's Outline\Library\PackageCache\com.unity.visualscripting@1.7.8\Editor\VisualScripting.Core\Dependencies\YamlDotNet\Unity.VisualScripting.YamlDotNet.dll
Symbol file LoadedFromMemory doesn't match image C:\Users\sobre\Desktop\Copias Unity\JoJo's Outline\Library\PackageCache\com.unity.visualscripting@1.7.8\Editor\VisualScripting.Core\Dependencies\DotNetZip\Unity.VisualScripting.IonicZip.dll
Native extension for WindowsStandalone target not found
Refreshing native plugins compatible for Editor in 0.49 ms, found 3 plugins.
Preloading 0 native plugins for Editor in 0.00 ms.
Mono: successfully reloaded assembly
- Completed reload, in  1.156 seconds
Domain Reload Profiling:
	ReloadAssembly (1157ms)
		BeginReloadAssembly (154ms)
			ExecutionOrderSort (0ms)
			DisableScriptedObjects (8ms)
			BackupInstance (0ms)
			ReleaseScriptingObjects (0ms)
			CreateAndSetChildDomain (39ms)
		EndReloadAssembly (856ms)
			LoadAssemblies (108ms)
			RebuildTransferFunctionScriptingTraits (0ms)
			SetupTypeCache (346ms)
			ReleaseScriptCaches (1ms)
			RebuildScriptCaches (39ms)
			SetupLoadedEditorAssemblies (330ms)
				LogAssemblyErrors (0ms)
				InitializePlatformSupportModulesInManaged (13ms)
				SetLoadedEditorAssemblies (0ms)
				RefreshPlugins (1ms)
				BeforeProcessingInitializeOnLoad (72ms)
				ProcessInitializeOnLoadAttributes (210ms)
				ProcessInitializeOnLoadMethodAttributes (29ms)
				AfterProcessingInitializeOnLoad (5ms)
				EditorAssembliesLoaded (0ms)
			ExecutionOrderSort2 (0ms)
			AwakeInstancesAfterBackupRestoration (7ms)
Platform modules already initialized, skipping
Refreshing native plugins compatible for Editor in 2.73 ms, found 3 plugins.
Preloading 0 native plugins for Editor in 0.00 ms.
Unloading 3364 Unused Serialized files (Serialized files now loaded: 0)
Unloading 20 unused Assets / (78.1 KB). Loaded Objects now: 3880.
Memory consumption went from 120.9 MB to 120.8 MB.
Total: 2.697800 ms (FindLiveObjects: 0.248900 ms CreateObjectMapping: 0.189000 ms MarkObjects: 2.177500 ms  DeleteObjects: 0.081400 ms)

AssetImportParameters requested are different than current active one (requested -> active):
  custom:video-decoder-ogg-theora: a1e56fd34408186e4bbccfd4996cb3dc -> 
  custom:container-muxer-webm: aa71ff27fc2769a1b78a27578f13a17b -> 
  custom:container-demuxer-webm: 4f35f7cbe854078d1ac9338744f61a02 -> 
  custom:video-encoder-webm-vp8: eb34c28f22e8b96e1ab97ce403110664 -> 
  custom:audio-encoder-webm-vorbis: bf7c407c2cedff20999df2af8eb42d56 -> 
  custom:framework-win-MediaFoundation: 216162199b28c13a410421893ffa2e32 -> 
  custom:container-demuxer-ogg: 62fdf1f143b41e24485cea50d1cbac27 -> 
  custom:video-decoder-webm-vp8: 9c59270c3fd7afecdb556c50c9e8de78 -> 
  custom:audio-decoder-ogg-vorbis: bf7c407c2cedff20999df2af8eb42d56 -> 
========================================================================
Received Import Request.
  Time since last request: 124.812435 seconds.
  path: Assets/Materials/Outline.mat
  artifactKey: Guid(fdd47988edd0c4f45a29aa87aae245f0) Importer(815301076,1909f56bfc062723c751e8b465ee728b)
Start importing Assets/Materials/Outline.mat using Guid(fdd47988edd0c4f45a29aa87aae245f0) Importer(815301076,1909f56bfc062723c751e8b465ee728b)  -> (artifact id: '557a437561c50b61d6771fda2bf496a0') in 0.082271 seconds 
========================================================================
Received Prepare
Registering precompiled user dll's ...
Registered in 0.003881 seconds.
Begin MonoManager ReloadAssembly
Symbol file LoadedFromMemory doesn't match image C:\Users\sobre\Desktop\Copias Unity\JoJo's Outline\Library\PackageCache\com.unity.visualscripting@1.7.8\Editor\VisualScripting.Core\Dependencies\YamlDotNet\Unity.VisualScripting.YamlDotNet.dll
Symbol file LoadedFromMemory doesn't match image C:\Users\sobre\Desktop\Copias Unity\JoJo's Outline\Library\PackageCache\com.unity.visualscripting@1.7.8\Editor\VisualScripting.Core\Dependencies\DotNetZip\Unity.VisualScripting.IonicZip.dll
Native extension for WindowsStandalone target not found
Refreshing native plugins compatible for Editor in 0.53 ms, found 3 plugins.
Preloading 0 native plugins for Editor in 0.00 ms.
Mono: successfully reloaded assembly
- Completed reload, in  0.925 seconds
Domain Reload Profiling:
	ReloadAssembly (926ms)
		BeginReloadAssembly (121ms)
			ExecutionOrderSort (0ms)
			DisableScriptedObjects (4ms)
			BackupInstance (0ms)
			ReleaseScriptingObjects (0ms)
			CreateAndSetChildDomain (33ms)
		EndReloadAssembly (711ms)
			LoadAssemblies (76ms)
			RebuildTransferFunctionScriptingTraits (0ms)
			SetupTypeCache (254ms)
			ReleaseScriptCaches (1ms)
			RebuildScriptCaches (38ms)
			SetupLoadedEditorAssemblies (309ms)
				LogAssemblyErrors (0ms)
				InitializePlatformSupportModulesInManaged (13ms)
				SetLoadedEditorAssemblies (0ms)
				RefreshPlugins (1ms)
				BeforeProcessingInitializeOnLoad (64ms)
				ProcessInitializeOnLoadAttributes (200ms)
				ProcessInitializeOnLoadMethodAttributes (26ms)
				AfterProcessingInitializeOnLoad (5ms)
				EditorAssembliesLoaded (0ms)
			ExecutionOrderSort2 (0ms)
			AwakeInstancesAfterBackupRestoration (5ms)
Platform modules already initialized, skipping
Refreshing native plugins compatible for Editor in 1.42 ms, found 3 plugins.
Preloading 0 native plugins for Editor in 0.00 ms.
Unloading 3363 Unused Serialized files (Serialized files now loaded: 0)
Unloading 21 unused Assets / (78.2 KB). Loaded Objects now: 3882.
Memory consumption went from 120.8 MB to 120.8 MB.
Total: 2.753900 ms (FindLiveObjects: 0.273900 ms CreateObjectMapping: 0.194900 ms MarkObjects: 2.211100 ms  DeleteObjects: 0.072700 ms)

AssetImportParameters requested are different than current active one (requested -> active):
  custom:video-decoder-ogg-theora: a1e56fd34408186e4bbccfd4996cb3dc -> 
  custom:container-muxer-webm: aa71ff27fc2769a1b78a27578f13a17b -> 
  custom:container-demuxer-webm: 4f35f7cbe854078d1ac9338744f61a02 -> 
  custom:video-encoder-webm-vp8: eb34c28f22e8b96e1ab97ce403110664 -> 
  custom:audio-encoder-webm-vorbis: bf7c407c2cedff20999df2af8eb42d56 -> 
  custom:framework-win-MediaFoundation: 216162199b28c13a410421893ffa2e32 -> 
  custom:container-demuxer-ogg: 62fdf1f143b41e24485cea50d1cbac27 -> 
  custom:video-decoder-webm-vp8: 9c59270c3fd7afecdb556c50c9e8de78 -> 
  custom:audio-decoder-ogg-vorbis: bf7c407c2cedff20999df2af8eb42d56 -> 
========================================================================
Received Import Request.
  Time since last request: 49.117810 seconds.
  path: Assets/Shaders/Outline.shader
  artifactKey: Guid(23e956b47f0f66e4aa8332d055f49bfe) Importer(815301076,1909f56bfc062723c751e8b465ee728b)
Start importing Assets/Shaders/Outline.shader using Guid(23e956b47f0f66e4aa8332d055f49bfe) Importer(815301076,1909f56bfc062723c751e8b465ee728b)  -> (artifact id: '791b2606fd2324cc9f1307dc63d587b1') in 0.019145 seconds 
========================================================================
Received Import Request.
  Time since last request: 22.584978 seconds.
  path: Assets/Shaders/Outline.shader
  artifactKey: Guid(23e956b47f0f66e4aa8332d055f49bfe) Importer(815301076,1909f56bfc062723c751e8b465ee728b)
Start importing Assets/Shaders/Outline.shader using Guid(23e956b47f0f66e4aa8332d055f49bfe) Importer(815301076,1909f56bfc062723c751e8b465ee728b)  -> (artifact id: 'a60fe50b0ef60885656e543aee9c9440') in 0.002891 seconds 
========================================================================
Received Import Request.
  Time since last request: 481.899761 seconds.
  path: Assets/Shaders/Outline.shader
  artifactKey: Guid(23e956b47f0f66e4aa8332d055f49bfe) Importer(815301076,1909f56bfc062723c751e8b465ee728b)
Start importing Assets/Shaders/Outline.shader using Guid(23e956b47f0f66e4aa8332d055f49bfe) Importer(815301076,1909f56bfc062723c751e8b465ee728b)  -> (artifact id: 'c5c183414110c4ee487e3afee0573647') in 0.002972 seconds 
========================================================================
Received Import Request.
  Time since last request: 7.765221 seconds.
  path: Assets/Materials/Outline.mat
  artifactKey: Guid(fdd47988edd0c4f45a29aa87aae245f0) Importer(815301076,1909f56bfc062723c751e8b465ee728b)
Start importing Assets/Materials/Outline.mat using Guid(fdd47988edd0c4f45a29aa87aae245f0) Importer(815301076,1909f56bfc062723c751e8b465ee728b)  -> (artifact id: 'ca08bea264190b22e6bc1fc200c3d4ba') in 0.102976 seconds 
========================================================================
Received Import Request.
  Time since last request: 25.059424 seconds.
  path: Assets/Materials/Outline.mat
  artifactKey: Guid(fdd47988edd0c4f45a29aa87aae245f0) Importer(815301076,1909f56bfc062723c751e8b465ee728b)
Start importing Assets/Materials/Outline.mat using Guid(fdd47988edd0c4f45a29aa87aae245f0) Importer(815301076,1909f56bfc062723c751e8b465ee728b)  -> (artifact id: '7afc1ea20f926ff8d2cd43851997f12a') in 0.012738 seconds 
========================================================================
Received Import Request.
  Time since last request: 209.663220 seconds.
  path: Assets/Materials/Outline 1.mat
  artifactKey: Guid(241d05a6af96ca94eaa96594334d2a36) Importer(815301076,1909f56bfc062723c751e8b465ee728b)
Start importing Assets/Materials/Outline 1.mat using Guid(241d05a6af96ca94eaa96594334d2a36) Importer(815301076,1909f56bfc062723c751e8b465ee728b)  -> (artifact id: 'adb027a92aa01c2c576d6792b1380ca2') in 0.019569 seconds 
========================================================================
Received Import Request.
  Time since last request: 6.589402 seconds.
  path: Assets/Materials/Outline_Sphere.mat
  artifactKey: Guid(241d05a6af96ca94eaa96594334d2a36) Importer(815301076,1909f56bfc062723c751e8b465ee728b)
Start importing Assets/Materials/Outline_Sphere.mat using Guid(241d05a6af96ca94eaa96594334d2a36) Importer(815301076,1909f56bfc062723c751e8b465ee728b)  -> (artifact id: '42c8b21b8d67af839fb6578670adecb4') in 0.017207 seconds 
========================================================================
Received Import Request.
  Time since last request: 5.681079 seconds.
  path: Assets/Materials/Outline_Sphere.mat
  artifactKey: Guid(241d05a6af96ca94eaa96594334d2a36) Importer(815301076,1909f56bfc062723c751e8b465ee728b)
Start importing Assets/Materials/Outline_Sphere.mat using Guid(241d05a6af96ca94eaa96594334d2a36) Importer(815301076,1909f56bfc062723c751e8b465ee728b)  -> (artifact id: '4478e434648159c333baf2e688ca9e3d') in 0.009599 seconds 
========================================================================
Received Import Request.
  Time since last request: 119.970339 seconds.
  path: Assets/Models/Monje.fbx
  artifactKey: Guid(7e7e22eeaf7344e439d913ae3741661b) Importer(815301076,1909f56bfc062723c751e8b465ee728b)
Start importing Assets/Models/Monje.fbx using Guid(7e7e22eeaf7344e439d913ae3741661b) Importer(815301076,1909f56bfc062723c751e8b465ee728b)  -> (artifact id: 'eff944ad990bdaa422d8e070511bc959') in 0.061598 seconds 
========================================================================
Received Import Request.
  Time since last request: 8.611721 seconds.
  path: Assets/Models/Monje.fbx
  artifactKey: Guid(7e7e22eeaf7344e439d913ae3741661b) Importer(815301076,1909f56bfc062723c751e8b465ee728b)
Start importing Assets/Models/Monje.fbx using Guid(7e7e22eeaf7344e439d913ae3741661b) Importer(815301076,1909f56bfc062723c751e8b465ee728b)  -> (artifact id: '4efb16b187a931a5717bd3874a4489b8') in 0.049402 seconds 
========================================================================
Received Import Request.
  Time since last request: 17.209773 seconds.
  path: Assets/Models/Monje.fbx
  artifactKey: Guid(7e7e22eeaf7344e439d913ae3741661b) Importer(815301076,1909f56bfc062723c751e8b465ee728b)
Start importing Assets/Models/Monje.fbx using Guid(7e7e22eeaf7344e439d913ae3741661b) Importer(815301076,1909f56bfc062723c751e8b465ee728b)  -> (artifact id: '8aae8e40f62db5a3fe9966e1a30c408f') in 0.039341 seconds 
========================================================================
Received Import Request.
  Time since last request: 33.620361 seconds.
  path: Assets/Models/Monje.fbx
  artifactKey: Guid(7e7e22eeaf7344e439d913ae3741661b) Importer(815301076,1909f56bfc062723c751e8b465ee728b)
Start importing Assets/Models/Monje.fbx using Guid(7e7e22eeaf7344e439d913ae3741661b) Importer(815301076,1909f56bfc062723c751e8b465ee728b)  -> (artifact id: '3a517ef4c2a701328593406c3b15ccd8') in 0.031181 seconds 
========================================================================
Received Import Request.
  Time since last request: 16.557945 seconds.
  path: Assets/Materials/Policeman Base Color.png
  artifactKey: Guid(36d1047885d3d6e4a934991fc997fd24) Importer(815301076,1909f56bfc062723c751e8b465ee728b)
Start importing Assets/Materials/Policeman Base Color.png using Guid(36d1047885d3d6e4a934991fc997fd24) Importer(815301076,1909f56bfc062723c751e8b465ee728b)  -> (artifact id: 'be52e6fbc2aa1887e9c3125380f437da') in 0.017466 seconds 
========================================================================
Received Import Request.
  Time since last request: 4.059243 seconds.
  path: Assets/Models/Policeman.fbx
  artifactKey: Guid(5583e60ac393a3c4bb17d8a235915b55) Importer(815301076,1909f56bfc062723c751e8b465ee728b)
Start importing Assets/Models/Policeman.fbx using Guid(5583e60ac393a3c4bb17d8a235915b55) Importer(815301076,1909f56bfc062723c751e8b465ee728b)  -> (artifact id: '0fb0068a9d5c85601375ff649a9e156d') in 0.035967 seconds 
========================================================================
Received Import Request.
  Time since last request: 23.077011 seconds.
  path: Assets/Models/Policeman Base Color.png
  artifactKey: Guid(f3668bbbbeb380d4aa5f17fe3d0cb5aa) Importer(815301076,1909f56bfc062723c751e8b465ee728b)
Start importing Assets/Models/Policeman Base Color.png using Guid(f3668bbbbeb380d4aa5f17fe3d0cb5aa) Importer(815301076,1909f56bfc062723c751e8b465ee728b)  -> (artifact id: 'e61c5c94cc7a4388c541c1d7392763d9') in 0.007910 seconds 
========================================================================
Received Import Request.
  Time since last request: 30.379655 seconds.
  path: Assets/Models/Policeman.fbx
  artifactKey: Guid(5583e60ac393a3c4bb17d8a235915b55) Importer(815301076,1909f56bfc062723c751e8b465ee728b)
Start importing Assets/Models/Policeman.fbx using Guid(5583e60ac393a3c4bb17d8a235915b55) Importer(815301076,1909f56bfc062723c751e8b465ee728b)  -> (artifact id: '7635788a0ea91c2eb6452485e15691e2') in 0.041113 seconds 
========================================================================
Received Import Request.
  Time since last request: 40.198334 seconds.
  path: Assets/Materials/Outline 1.mat
  artifactKey: Guid(b440ec7619097ff4f9433c9447a3e524) Importer(815301076,1909f56bfc062723c751e8b465ee728b)
Start importing Assets/Materials/Outline 1.mat using Guid(b440ec7619097ff4f9433c9447a3e524) Importer(815301076,1909f56bfc062723c751e8b465ee728b)  -> (artifact id: '809f1756ed49e2796df29660a029c5f9') in 0.016196 seconds 
========================================================================
Received Import Request.
  Time since last request: 5.505857 seconds.
  path: Assets/Materials/Outline_Monje.mat
  artifactKey: Guid(fdd47988edd0c4f45a29aa87aae245f0) Importer(815301076,1909f56bfc062723c751e8b465ee728b)
Start importing Assets/Materials/Outline_Monje.mat using Guid(fdd47988edd0c4f45a29aa87aae245f0) Importer(815301076,1909f56bfc062723c751e8b465ee728b)  -> (artifact id: '82728ae099310fb4090a5f131430036c') in 0.013444 seconds 
========================================================================
Received Import Request.
  Time since last request: 4.673763 seconds.
  path: Assets/Materials/Outline_Police.mat
  artifactKey: Guid(b440ec7619097ff4f9433c9447a3e524) Importer(815301076,1909f56bfc062723c751e8b465ee728b)
Start importing Assets/Materials/Outline_Police.mat using Guid(b440ec7619097ff4f9433c9447a3e524) Importer(815301076,1909f56bfc062723c751e8b465ee728b)  -> (artifact id: 'ad355a3b56d762fb5093dff3bee85728') in 0.015975 seconds 
========================================================================
Received Import Request.
  Time since last request: 9.413485 seconds.
  path: Assets/Materials/Outline_Monje.mat
  artifactKey: Guid(fdd47988edd0c4f45a29aa87aae245f0) Importer(815301076,1909f56bfc062723c751e8b465ee728b)
Start importing Assets/Materials/Outline_Monje.mat using Guid(fdd47988edd0c4f45a29aa87aae245f0) Importer(815301076,1909f56bfc062723c751e8b465ee728b)  -> (artifact id: '367ba53541893f14484a86959c11f8e8') in 0.016081 seconds 
========================================================================
Received Import Request.
  Time since last request: 4063.322218 seconds.
  path: Assets/Materials/Outline_Police.mat
  artifactKey: Guid(b440ec7619097ff4f9433c9447a3e524) Importer(815301076,1909f56bfc062723c751e8b465ee728b)
Start importing Assets/Materials/Outline_Police.mat using Guid(b440ec7619097ff4f9433c9447a3e524) Importer(815301076,1909f56bfc062723c751e8b465ee728b)  -> (artifact id: '7467ff6493ef42c51c2a22ad292930b9') in 0.025539 seconds 
========================================================================
Received Import Request.
  Time since last request: 402.329624 seconds.
  path: Assets/Materials/Outline_Monje.mat
  artifactKey: Guid(fdd47988edd0c4f45a29aa87aae245f0) Importer(815301076,1909f56bfc062723c751e8b465ee728b)
Start importing Assets/Materials/Outline_Monje.mat using Guid(fdd47988edd0c4f45a29aa87aae245f0) Importer(815301076,1909f56bfc062723c751e8b465ee728b)  -> (artifact id: 'b8f5c478debd10704cd45bc183c7f43c') in 0.067026 seconds 
========================================================================
Received Import Request.
  Time since last request: 7.509016 seconds.
  path: Assets/Materials/Outline_Monje.mat
  artifactKey: Guid(fdd47988edd0c4f45a29aa87aae245f0) Importer(815301076,1909f56bfc062723c751e8b465ee728b)
Start importing Assets/Materials/Outline_Monje.mat using Guid(fdd47988edd0c4f45a29aa87aae245f0) Importer(815301076,1909f56bfc062723c751e8b465ee728b)  -> (artifact id: '6362d0657f34937cddfa4661a7225d5a') in 0.017957 seconds 
========================================================================
Received Import Request.
  Time since last request: 6.957531 seconds.
  path: Assets/Materials/Outline_Police.mat
  artifactKey: Guid(b440ec7619097ff4f9433c9447a3e524) Importer(815301076,1909f56bfc062723c751e8b465ee728b)
Start importing Assets/Materials/Outline_Police.mat using Guid(b440ec7619097ff4f9433c9447a3e524) Importer(815301076,1909f56bfc062723c751e8b465ee728b)  -> (artifact id: '00a8684a51e08a96e345e15001362bff') in 0.014135 seconds 
========================================================================
Received Import Request.
  Time since last request: 30.147304 seconds.
  path: Assets/Materials/Outline_Monje.mat
  artifactKey: Guid(fdd47988edd0c4f45a29aa87aae245f0) Importer(815301076,1909f56bfc062723c751e8b465ee728b)
Start importing Assets/Materials/Outline_Monje.mat using Guid(fdd47988edd0c4f45a29aa87aae245f0) Importer(815301076,1909f56bfc062723c751e8b465ee728b)  -> (artifact id: '278f5860f41b40f8b17069c951e3773e') in 0.017623 seconds 
========================================================================
Received Import Request.
  Time since last request: 15.387420 seconds.
  path: Assets/Materials/Outline_Police.mat
  artifactKey: Guid(b440ec7619097ff4f9433c9447a3e524) Importer(815301076,1909f56bfc062723c751e8b465ee728b)
Start importing Assets/Materials/Outline_Police.mat using Guid(b440ec7619097ff4f9433c9447a3e524) Importer(815301076,1909f56bfc062723c751e8b465ee728b)  -> (artifact id: '4e67fea925a0c31ab7436c685ca4b558') in 0.014607 seconds 
========================================================================
Received Prepare
Registering precompiled user dll's ...
Registered in 0.004438 seconds.
Begin MonoManager ReloadAssembly
Symbol file LoadedFromMemory doesn't match image C:\Users\sobre\Desktop\Copias Unity\JoJo's Outline\Library\PackageCache\com.unity.visualscripting@1.7.8\Editor\VisualScripting.Core\Dependencies\YamlDotNet\Unity.VisualScripting.YamlDotNet.dll
Symbol file LoadedFromMemory doesn't match image C:\Users\sobre\Desktop\Copias Unity\JoJo's Outline\Library\PackageCache\com.unity.visualscripting@1.7.8\Editor\VisualScripting.Core\Dependencies\DotNetZip\Unity.VisualScripting.IonicZip.dll
Native extension for WindowsStandalone target not found
Refreshing native plugins compatible for Editor in 0.57 ms, found 3 plugins.
Preloading 0 native plugins for Editor in 0.00 ms.
Mono: successfully reloaded assembly
- Completed reload, in  1.318 seconds
Domain Reload Profiling:
	ReloadAssembly (1319ms)
		BeginReloadAssembly (254ms)
			ExecutionOrderSort (0ms)
			DisableScriptedObjects (8ms)
			BackupInstance (0ms)
			ReleaseScriptingObjects (0ms)
			CreateAndSetChildDomain (113ms)
		EndReloadAssembly (945ms)
			LoadAssemblies (117ms)
			RebuildTransferFunctionScriptingTraits (0ms)
			SetupTypeCache (348ms)
			ReleaseScriptCaches (1ms)
			RebuildScriptCaches (51ms)
			SetupLoadedEditorAssemblies (398ms)
				LogAssemblyErrors (0ms)
				InitializePlatformSupportModulesInManaged (17ms)
				SetLoadedEditorAssemblies (1ms)
				RefreshPlugins (1ms)
				BeforeProcessingInitializeOnLoad (77ms)
				ProcessInitializeOnLoadAttributes (262ms)
				ProcessInitializeOnLoadMethodAttributes (34ms)
				AfterProcessingInitializeOnLoad (6ms)
				EditorAssembliesLoaded (0ms)
			ExecutionOrderSort2 (0ms)
			AwakeInstancesAfterBackupRestoration (8ms)
Platform modules already initialized, skipping
Refreshing native plugins compatible for Editor in 1.78 ms, found 3 plugins.
Preloading 0 native plugins for Editor in 0.00 ms.
Unloading 3364 Unused Serialized files (Serialized files now loaded: 0)
Unloading 20 unused Assets / (78.2 KB). Loaded Objects now: 3887.
Memory consumption went from 133.8 MB to 133.7 MB.
Total: 3.452200 ms (FindLiveObjects: 0.321800 ms CreateObjectMapping: 0.203600 ms MarkObjects: 2.794200 ms  DeleteObjects: 0.130700 ms)

AssetImportParameters requested are different than current active one (requested -> active):
  custom:video-decoder-ogg-theora: a1e56fd34408186e4bbccfd4996cb3dc -> 
  custom:container-muxer-webm: aa71ff27fc2769a1b78a27578f13a17b -> 
  custom:container-demuxer-webm: 4f35f7cbe854078d1ac9338744f61a02 -> 
  custom:video-encoder-webm-vp8: eb34c28f22e8b96e1ab97ce403110664 -> 
  custom:audio-encoder-webm-vorbis: bf7c407c2cedff20999df2af8eb42d56 -> 
  custom:framework-win-MediaFoundation: 216162199b28c13a410421893ffa2e32 -> 
  custom:container-demuxer-ogg: 62fdf1f143b41e24485cea50d1cbac27 -> 
  custom:video-decoder-webm-vp8: 9c59270c3fd7afecdb556c50c9e8de78 -> 
  custom:audio-decoder-ogg-vorbis: bf7c407c2cedff20999df2af8eb42d56 -> 
========================================================================
Received Import Request.
  Time since last request: 196.868000 seconds.
  path: Assets/Materials/Outline_Police.mat
  artifactKey: Guid(b440ec7619097ff4f9433c9447a3e524) Importer(815301076,1909f56bfc062723c751e8b465ee728b)
Start importing Assets/Materials/Outline_Police.mat using Guid(b440ec7619097ff4f9433c9447a3e524) Importer(815301076,1909f56bfc062723c751e8b465ee728b)  -> (artifact id: 'f1346c232a4c0c749db669aa636cee24') in 0.071673 seconds 
